<?xml version="1.0" encoding="UTF-8"?>
<!-- Generated by org.testng.reporters.JUnitReportReporter -->
<testsuite hostname="Dhanush" failures="0" tests="1" name="com.sgtesting.actitime.driverscript.DriverScript" time="42.831" errors="0" timestamp="19 Jan 2022 18:11:56 GMT">
  <testcase classname="com.sgtesting.actitime.driverscript.DriverScript" name="executeTestScenarios" time="42.831"/>
</testsuite> <!-- com.sgtesting.actitime.driverscript.DriverScript -->
